<?xml version="1.0" encoding="UTF-8"?>
<!-- Generated by org.testng.reporters.JUnitReportReporter -->
<testsuite skipped="0" hostname="LAPTOP-F9NQVLHA" name="com.stepdefinition.LoginSteps" tests="3" failures="0" timestamp="08 Aug 2022 14:41:57 GMT" time="12.775" errors="0">
  <testcase name="user_is_on_the_flipkart_page" time="8.473" classname="com.stepdefinition.LoginSteps"/>
  <testcase name="user_logins_with_valid_username_and_password" time="4.229" classname="com.stepdefinition.LoginSteps"/>
  <testcase name="user_must_be_directed_to_homepage" time="0.073" classname="com.stepdefinition.LoginSteps"/>
</testsuite> <!-- com.stepdefinition.LoginSteps -->
